[0.017s] Invoking command in '/home/subi/ros2_ws/build/mono_phone_ros': /usr/bin/cmake --build /home/subi/ros2_ws/build/mono_phone_ros -- -j8 -l8
[0.107s] [100%] Built target mono_phone_node
[0.128s] Invoked command in '/home/subi/ros2_ws/build/mono_phone_ros' returned '0': /usr/bin/cmake --build /home/subi/ros2_ws/build/mono_phone_ros -- -j8 -l8
[0.229s] Invoking command in '/home/subi/ros2_ws/build/mono_phone_ros': /usr/bin/cmake --install /home/subi/ros2_ws/build/mono_phone_ros
[0.241s] -- Install configuration: ""
[0.241s] -- Up-to-date: /home/subi/ros2_ws/install/mono_phone_ros/lib/mono_phone_ros/mono_phone_node
[0.241s] -- Up-to-date: /home/subi/ros2_ws/install/mono_phone_ros/share/ament_index/resource_index/package_run_dependencies/mono_phone_ros
[0.242s] -- Up-to-date: /home/subi/ros2_ws/install/mono_phone_ros/share/ament_index/resource_index/parent_prefix_path/mono_phone_ros
[0.242s] -- Up-to-date: /home/subi/ros2_ws/install/mono_phone_ros/share/mono_phone_ros/environment/ament_prefix_path.sh
[0.242s] -- Up-to-date: /home/subi/ros2_ws/install/mono_phone_ros/share/mono_phone_ros/environment/ament_prefix_path.dsv
[0.242s] -- Up-to-date: /home/subi/ros2_ws/install/mono_phone_ros/share/mono_phone_ros/environment/path.sh
[0.242s] -- Up-to-date: /home/subi/ros2_ws/install/mono_phone_ros/share/mono_phone_ros/environment/path.dsv
[0.242s] -- Up-to-date: /home/subi/ros2_ws/install/mono_phone_ros/share/mono_phone_ros/local_setup.bash
[0.242s] -- Up-to-date: /home/subi/ros2_ws/install/mono_phone_ros/share/mono_phone_ros/local_setup.sh
[0.242s] -- Up-to-date: /home/subi/ros2_ws/install/mono_phone_ros/share/mono_phone_ros/local_setup.zsh
[0.242s] -- Up-to-date: /home/subi/ros2_ws/install/mono_phone_ros/share/mono_phone_ros/local_setup.dsv
[0.242s] -- Up-to-date: /home/subi/ros2_ws/install/mono_phone_ros/share/mono_phone_ros/package.dsv
[0.242s] -- Up-to-date: /home/subi/ros2_ws/install/mono_phone_ros/share/ament_index/resource_index/packages/mono_phone_ros
[0.242s] -- Up-to-date: /home/subi/ros2_ws/install/mono_phone_ros/share/mono_phone_ros/cmake/mono_phone_rosConfig.cmake
[0.242s] -- Up-to-date: /home/subi/ros2_ws/install/mono_phone_ros/share/mono_phone_ros/cmake/mono_phone_rosConfig-version.cmake
[0.242s] -- Up-to-date: /home/subi/ros2_ws/install/mono_phone_ros/share/mono_phone_ros/package.xml
[0.244s] Invoked command in '/home/subi/ros2_ws/build/mono_phone_ros' returned '0': /usr/bin/cmake --install /home/subi/ros2_ws/build/mono_phone_ros
