[0.009s] Invoking command in '/home/subi/ros2_ws/build/mono_phone_ros': /usr/bin/cmake /home/subi/ros2_ws/src/mono_phone_ros -DCMAKE_INSTALL_PREFIX=/home/subi/ros2_ws/install/mono_phone_ros
[0.082s] -- The C compiler identification is GNU 11.4.0
[0.140s] -- The CXX compiler identification is GNU 11.4.0
[0.148s] -- Detecting C compiler ABI info
[0.209s] -- Detecting C compiler ABI info - done
[0.216s] -- Check for working C compiler: /usr/bin/cc - skipped
[0.216s] -- Detecting C compile features
[0.217s] -- Detecting C compile features - done
[0.220s] -- Detecting CXX compiler ABI info
[0.289s] -- Detecting CXX compiler ABI info - done
[0.296s] -- Check for working CXX compiler: /usr/bin/c++ - skipped
[0.296s] -- Detecting CXX compile features
[0.296s] -- Detecting CXX compile features - done
[0.302s] -- Found ament_cmake: 1.3.9 (/opt/ros/humble/share/ament_cmake/cmake)
[0.434s] -- Found Python3: /usr/bin/python3 (found version "3.10.12") found components: Interpreter 
[0.545s] -- Found rclcpp: 16.0.9 (/opt/ros/humble/share/rclcpp/cmake)
[0.589s] -- Found rosidl_generator_c: 3.1.5 (/opt/ros/humble/share/rosidl_generator_c/cmake)
[0.594s] -- Found rosidl_adapter: 3.1.5 (/opt/ros/humble/share/rosidl_adapter/cmake)
[0.603s] -- Found rosidl_generator_cpp: 3.1.5 (/opt/ros/humble/share/rosidl_generator_cpp/cmake)
[0.618s] -- Using all available rosidl_typesupport_c: rosidl_typesupport_fastrtps_c;rosidl_typesupport_introspection_c
[0.640s] -- Using all available rosidl_typesupport_cpp: rosidl_typesupport_fastrtps_cpp;rosidl_typesupport_introspection_cpp
[0.709s] -- Found rmw_implementation_cmake: 6.1.2 (/opt/ros/humble/share/rmw_implementation_cmake/cmake)
[0.712s] -- Found rmw_fastrtps_cpp: 6.2.6 (/opt/ros/humble/share/rmw_fastrtps_cpp/cmake)
[0.828s] -- Found OpenSSL: /usr/lib/x86_64-linux-gnu/libcrypto.so (found version "3.0.2")  
[0.851s] -- Found FastRTPS: /opt/ros/humble/include  
[0.892s] -- Using RMW implementation 'rmw_fastrtps_cpp' as default
[0.900s] -- Looking for pthread.h
[0.967s] -- Looking for pthread.h - found
[0.967s] -- Performing Test CMAKE_HAVE_LIBC_PTHREAD
[1.029s] -- Performing Test CMAKE_HAVE_LIBC_PTHREAD - Success
[1.030s] -- Found Threads: TRUE  
[1.178s] -- Found sensor_msgs: 4.2.4 (/opt/ros/humble/share/sensor_msgs/cmake)
[1.292s] -- Found cv_bridge: 3.2.1 (/opt/ros/humble/share/cv_bridge/cmake)
[1.309s] -- Found OpenCV: /usr/local (found version "4.10.0") 
[1.391s] Error parsing '/home/subi/ros2_ws/src/mono_phone_ros/package.xml':
[1.431s] Traceback (most recent call last):
[1.431s]   File "/opt/ros/humble/share/ament_cmake_core/cmake/core/package_xml_2_cmake.py", line 150, in <module>
[1.431s]     main()
[1.431s]   File "/opt/ros/humble/share/ament_cmake_core/cmake/core/package_xml_2_cmake.py", line 53, in main
[1.431s]     raise e
[1.431s]   File "/opt/ros/humble/share/ament_cmake_core/cmake/core/package_xml_2_cmake.py", line 49, in main
[1.431s]     package = parse_package_string(
[1.431s]   File "/usr/lib/python3/dist-packages/catkin_pkg/package.py", line 786, in parse_package_string
[1.432s]     raise InvalidPackage('Error(s):%s' % (''.join(['\n- %s' % e for e in errors])), filename)
[1.432s] catkin_pkg.package.InvalidPackage: Error(s) in package '/home/subi/ros2_ws/src/mono_phone_ros/package.xml':
[1.432s] Error(s):
[1.432s] - The generic dependency on 'rclcpp' is redundant with: exec_depend
[1.432s] - The generic dependency on 'sensor_msgs' is redundant with: exec_depend
[1.432s] - The generic dependency on 'std_msgs' is redundant with: exec_depend
[1.448s] [31mCMake Error at /opt/ros/humble/share/ament_cmake_core/cmake/core/ament_package_xml.cmake:95 (message):
[1.449s]   execute_process(/usr/bin/python3
[1.449s]   /opt/ros/humble/share/ament_cmake_core/cmake/core/package_xml_2_cmake.py
[1.449s]   /home/subi/ros2_ws/src/mono_phone_ros/package.xml
[1.449s]   /home/subi/ros2_ws/build/mono_phone_ros/ament_cmake_core/package.cmake)
[1.449s]   returned error code 1
[1.449s] Call Stack (most recent call first):
[1.449s]   /opt/ros/humble/share/ament_cmake_core/cmake/core/ament_package_xml.cmake:49 (_ament_package_xml)
[1.450s]   /opt/ros/humble/share/ament_cmake_core/cmake/core/ament_package.cmake:63 (ament_package_xml)
[1.450s]   CMakeLists.txt:37 (ament_package)
[1.450s] 
[1.450s] [0m
[1.450s] -- Configuring incomplete, errors occurred!
[1.450s] See also "/home/subi/ros2_ws/build/mono_phone_ros/CMakeFiles/CMakeOutput.log".
[1.463s] Invoked command in '/home/subi/ros2_ws/build/mono_phone_ros' returned '1': /usr/bin/cmake /home/subi/ros2_ws/src/mono_phone_ros -DCMAKE_INSTALL_PREFIX=/home/subi/ros2_ws/install/mono_phone_ros
