[0.012s] Invoking command in '/home/subi/ros2_ws/build/mono_phone_ros': /usr/bin/cmake /home/subi/ros2_ws/src/mono_phone_ros -DCATKIN_INSTALL_INTO_PREFIX_ROOT=0 -DCATKIN_SYMLINK_INSTALL=ON -DCMAKE_INSTALL_PREFIX=/home/subi/ros2_ws/install/mono_phone_ros
[0.026s] -- Found ament_cmake: 1.3.9 (/opt/ros/humble/share/ament_cmake/cmake)
[0.165s] -- Found rclcpp: 16.0.9 (/opt/ros/humble/share/rclcpp/cmake)
[0.196s] -- Found rosidl_generator_c: 3.1.5 (/opt/ros/humble/share/rosidl_generator_c/cmake)
[0.198s] -- Found rosidl_adapter: 3.1.5 (/opt/ros/humble/share/rosidl_adapter/cmake)
[0.205s] -- Found rosidl_generator_cpp: 3.1.5 (/opt/ros/humble/share/rosidl_generator_cpp/cmake)
[0.216s] -- Using all available rosidl_typesupport_c: rosidl_typesupport_fastrtps_c;rosidl_typesupport_introspection_c
[0.233s] -- Using all available rosidl_typesupport_cpp: rosidl_typesupport_fastrtps_cpp;rosidl_typesupport_introspection_cpp
[0.284s] -- Found rmw_implementation_cmake: 6.1.2 (/opt/ros/humble/share/rmw_implementation_cmake/cmake)
[0.285s] -- Found rmw_fastrtps_cpp: 6.2.6 (/opt/ros/humble/share/rmw_fastrtps_cpp/cmake)
[0.397s] -- Using RMW implementation 'rmw_fastrtps_cpp' as default
[0.548s] -- Found sensor_msgs: 4.2.4 (/opt/ros/humble/share/sensor_msgs/cmake)
[0.663s] -- Found cv_bridge: 3.2.1 (/opt/ros/humble/share/cv_bridge/cmake)
[0.765s] -- Configuring done
[0.778s] -- Generating done
[0.779s] -- Build files have been written to: /home/subi/ros2_ws/build/mono_phone_ros
[0.786s] Invoked command in '/home/subi/ros2_ws/build/mono_phone_ros' returned '0': /usr/bin/cmake /home/subi/ros2_ws/src/mono_phone_ros -DCATKIN_INSTALL_INTO_PREFIX_ROOT=0 -DCATKIN_SYMLINK_INSTALL=ON -DCMAKE_INSTALL_PREFIX=/home/subi/ros2_ws/install/mono_phone_ros
[0.788s] Invoking command in '/home/subi/ros2_ws/build/mono_phone_ros': /usr/bin/cmake --build /home/subi/ros2_ws/build/mono_phone_ros -- -j8 -l8
[0.834s] [35m[1mConsolidate compiler generated dependencies of target mono_phone_node[0m
[0.859s] [100%] Built target mono_phone_node
[0.874s] Invoked command in '/home/subi/ros2_ws/build/mono_phone_ros' returned '0': /usr/bin/cmake --build /home/subi/ros2_ws/build/mono_phone_ros -- -j8 -l8
[0.935s] Invoking command in '/home/subi/ros2_ws/build/mono_phone_ros': /usr/bin/cmake --install /home/subi/ros2_ws/build/mono_phone_ros
[0.942s] -- Install configuration: "Debug"
[0.942s] -- Up-to-date: /home/subi/ros2_ws/install/mono_phone_ros/lib/mono_phone_ros/mono_phone_node
[0.942s] -- Up-to-date: /home/subi/ros2_ws/install/mono_phone_ros/share/ament_index/resource_index/package_run_dependencies/mono_phone_ros
[0.942s] -- Up-to-date: /home/subi/ros2_ws/install/mono_phone_ros/share/ament_index/resource_index/parent_prefix_path/mono_phone_ros
[0.942s] -- Up-to-date: /home/subi/ros2_ws/install/mono_phone_ros/share/mono_phone_ros/environment/ament_prefix_path.sh
[0.942s] -- Installing: /home/subi/ros2_ws/install/mono_phone_ros/share/mono_phone_ros/environment/ament_prefix_path.dsv
[0.943s] -- Up-to-date: /home/subi/ros2_ws/install/mono_phone_ros/share/mono_phone_ros/environment/path.sh
[0.943s] -- Installing: /home/subi/ros2_ws/install/mono_phone_ros/share/mono_phone_ros/environment/path.dsv
[0.943s] -- Up-to-date: /home/subi/ros2_ws/install/mono_phone_ros/share/mono_phone_ros/local_setup.bash
[0.943s] -- Up-to-date: /home/subi/ros2_ws/install/mono_phone_ros/share/mono_phone_ros/local_setup.sh
[0.943s] -- Up-to-date: /home/subi/ros2_ws/install/mono_phone_ros/share/mono_phone_ros/local_setup.zsh
[0.943s] -- Installing: /home/subi/ros2_ws/install/mono_phone_ros/share/mono_phone_ros/local_setup.dsv
[0.943s] -- Installing: /home/subi/ros2_ws/install/mono_phone_ros/share/mono_phone_ros/package.dsv
[0.943s] -- Up-to-date: /home/subi/ros2_ws/install/mono_phone_ros/share/ament_index/resource_index/packages/mono_phone_ros
[0.943s] -- Up-to-date: /home/subi/ros2_ws/install/mono_phone_ros/share/mono_phone_ros/cmake/mono_phone_rosConfig.cmake
[0.943s] -- Up-to-date: /home/subi/ros2_ws/install/mono_phone_ros/share/mono_phone_ros/cmake/mono_phone_rosConfig-version.cmake
[0.943s] -- Up-to-date: /home/subi/ros2_ws/install/mono_phone_ros/share/mono_phone_ros/package.xml
[0.945s] Invoked command in '/home/subi/ros2_ws/build/mono_phone_ros' returned '0': /usr/bin/cmake --install /home/subi/ros2_ws/build/mono_phone_ros
