-- The C compiler identification is GNU 11.4.0
-- The CXX compiler identification is GNU 11.4.0
-- Detecting C compiler ABI info
-- Detecting C compiler ABI info - done
-- Check for working C compiler: /usr/bin/cc - skipped
-- Detecting C compile features
-- Detecting C compile features - done
-- Detecting CXX compiler ABI info
-- Detecting CXX compiler ABI info - done
-- Check for working CXX compiler: /usr/bin/c++ - skipped
-- Detecting CXX compile features
-- Detecting CXX compile features - done
-- Found ament_cmake: 1.3.9 (/opt/ros/humble/share/ament_cmake/cmake)
-- Found Python3: /usr/bin/python3 (found version "3.10.12") found components: Interpreter 
-- Override CMake install command with custom implementation using symlinks instead of copying resources
-- Found rclcpp: 16.0.9 (/opt/ros/humble/share/rclcpp/cmake)
-- Found rosidl_generator_c: 3.1.5 (/opt/ros/humble/share/rosidl_generator_c/cmake)
-- Found rosidl_adapter: 3.1.5 (/opt/ros/humble/share/rosidl_adapter/cmake)
-- Found rosidl_generator_cpp: 3.1.5 (/opt/ros/humble/share/rosidl_generator_cpp/cmake)
-- Using all available rosidl_typesupport_c: rosidl_typesupport_fastrtps_c;rosidl_typesupport_introspection_c
-- Using all available rosidl_typesupport_cpp: rosidl_typesupport_fastrtps_cpp;rosidl_typesupport_introspection_cpp
-- Found rmw_implementation_cmake: 6.1.2 (/opt/ros/humble/share/rmw_implementation_cmake/cmake)
-- Found rmw_fastrtps_cpp: 6.2.6 (/opt/ros/humble/share/rmw_fastrtps_cpp/cmake)
-- Found OpenSSL: /usr/lib/x86_64-linux-gnu/libcrypto.so (found version "3.0.2")  
-- Found FastRTPS: /opt/ros/humble/include  
-- Using RMW implementation 'rmw_fastrtps_cpp' as default
-- Looking for pthread.h
-- Looking for pthread.h - found
-- Performing Test CMAKE_HAVE_LIBC_PTHREAD
-- Performing Test CMAKE_HAVE_LIBC_PTHREAD - Success
-- Found Threads: TRUE  
-- Found sensor_msgs: 4.2.4 (/opt/ros/humble/share/sensor_msgs/cmake)
-- Found cv_bridge: 3.2.1 (/opt/ros/humble/share/cv_bridge/cmake)
-- Found OpenCV: /usr/local (found version "4.10.0") 
-- Configuring done
-- Generating done
-- Build files have been written to: /home/subi/ros2_ws/build/my_slam_package
[ 25%] [32mBuilding CXX object CMakeFiles/video_publisher.dir/src/video_publisher.cpp.o[0m
[ 50%] [32mBuilding CXX object CMakeFiles/slam_processor.dir/src/slam_processor.cpp.o[0m
[ 75%] [32m[1mLinking CXX executable video_publisher[0m
[ 75%] Built target video_publisher
[100%] [32m[1mLinking CXX executable slam_processor[0m
[100%] Built target slam_processor
-- Install configuration: ""
-- Execute custom install script
-- Symlinking: /home/subi/ros2_ws/install/my_slam_package/lib/my_slam_package/video_publisher
-- Symlinking: /home/subi/ros2_ws/install/my_slam_package/lib/my_slam_package/slam_processor
-- Symlinking: /home/subi/ros2_ws/install/my_slam_package/share/ament_index/resource_index/package_run_dependencies/my_slam_package
-- Symlinking: /home/subi/ros2_ws/install/my_slam_package/share/ament_index/resource_index/parent_prefix_path/my_slam_package
-- Symlinking: /home/subi/ros2_ws/install/my_slam_package/share/my_slam_package/environment/ament_prefix_path.sh
-- Symlinking: /home/subi/ros2_ws/install/my_slam_package/share/my_slam_package/environment/ament_prefix_path.dsv
-- Symlinking: /home/subi/ros2_ws/install/my_slam_package/share/my_slam_package/environment/path.sh
-- Symlinking: /home/subi/ros2_ws/install/my_slam_package/share/my_slam_package/environment/path.dsv
-- Symlinking: /home/subi/ros2_ws/install/my_slam_package/share/my_slam_package/local_setup.bash
-- Symlinking: /home/subi/ros2_ws/install/my_slam_package/share/my_slam_package/local_setup.sh
-- Symlinking: /home/subi/ros2_ws/install/my_slam_package/share/my_slam_package/local_setup.zsh
-- Symlinking: /home/subi/ros2_ws/install/my_slam_package/share/my_slam_package/local_setup.dsv
-- Symlinking: /home/subi/ros2_ws/install/my_slam_package/share/my_slam_package/package.dsv
-- Symlinking: /home/subi/ros2_ws/install/my_slam_package/share/ament_index/resource_index/packages/my_slam_package
-- Symlinking: /home/subi/ros2_ws/install/my_slam_package/share/my_slam_package/cmake/my_slam_packageConfig.cmake
-- Symlinking: /home/subi/ros2_ws/install/my_slam_package/share/my_slam_package/cmake/my_slam_packageConfig-version.cmake
-- Symlinking: /home/subi/ros2_ws/install/my_slam_package/share/my_slam_package/package.xml
