[0.127s] DEBUG:colcon:Command line arguments: ['/usr/bin/colcon', 'build', '--symlink-install']
[0.127s] DEBUG:colcon:Parsed command line arguments: Namespace(log_base=None, log_level=None, verb_name='build', build_base='build', install_base='install', merge_install=False, symlink_install=True, test_result_base=None, continue_on_error=False, executor='parallel', parallel_workers=8, event_handlers=None, ignore_user_meta=False, metas=['./colcon.meta'], base_paths=['.'], packages_ignore=None, packages_ignore_regex=None, paths=None, packages_up_to=None, packages_up_to_regex=None, packages_above=None, packages_above_and_dependencies=None, packages_above_depth=None, packages_select_by_dep=None, packages_skip_by_dep=None, packages_skip_up_to=None, packages_select_build_failed=False, packages_skip_build_finished=False, packages_select_test_failures=False, packages_skip_test_passed=False, packages_select=None, packages_skip=None, packages_select_regex=None, packages_skip_regex=None, packages_start=None, packages_end=None, allow_overriding=[], cmake_args=None, cmake_target=None, cmake_target_skip_unavailable=False, cmake_clean_cache=False, cmake_clean_first=False, cmake_force_configure=False, ament_cmake_args=None, catkin_cmake_args=None, catkin_skip_building_tests=False, verb_parser=<colcon_defaults.argument_parser.defaults.DefaultArgumentsDecorator object at 0x76cd96454940>, verb_extension=<colcon_core.verb.build.BuildVerb object at 0x76cd96561570>, main=<bound method BuildVerb.main of <colcon_core.verb.build.BuildVerb object at 0x76cd96561570>>)
[0.304s] Level 1:colcon.colcon_core.package_discovery:discover_packages(colcon_meta) check parameters
[0.304s] Level 1:colcon.colcon_core.package_discovery:discover_packages(recursive) check parameters
[0.304s] Level 1:colcon.colcon_core.package_discovery:discover_packages(ignore) check parameters
[0.304s] Level 1:colcon.colcon_core.package_discovery:discover_packages(path) check parameters
[0.304s] Level 1:colcon.colcon_core.package_discovery:discover_packages(colcon_meta) discover
[0.305s] Level 1:colcon.colcon_core.package_discovery:discover_packages(recursive) discover
[0.305s] INFO:colcon.colcon_core.package_discovery:Crawling recursively for packages in '/home/subi/ros2_ws'
[0.305s] Level 1:colcon.colcon_core.package_identification:_identify(.) by extensions ['ignore', 'ignore_ament_install']
[0.305s] Level 1:colcon.colcon_core.package_identification:_identify(.) by extension 'ignore'
[0.305s] Level 1:colcon.colcon_core.package_identification:_identify(.) by extension 'ignore_ament_install'
[0.305s] Level 1:colcon.colcon_core.package_identification:_identify(.) by extensions ['colcon_pkg']
[0.305s] Level 1:colcon.colcon_core.package_identification:_identify(.) by extension 'colcon_pkg'
[0.305s] Level 1:colcon.colcon_core.package_identification:_identify(.) by extensions ['colcon_meta']
[0.305s] Level 1:colcon.colcon_core.package_identification:_identify(.) by extension 'colcon_meta'
[0.305s] Level 1:colcon.colcon_core.package_identification:_identify(.) by extensions ['ros']
[0.305s] Level 1:colcon.colcon_core.package_identification:_identify(.) by extension 'ros'
[0.314s] Level 1:colcon.colcon_core.package_identification:_identify(.) by extensions ['cmake', 'python']
[0.315s] Level 1:colcon.colcon_core.package_identification:_identify(.) by extension 'cmake'
[0.315s] Level 1:colcon.colcon_core.package_identification:_identify(.) by extension 'python'
[0.315s] Level 1:colcon.colcon_core.package_identification:_identify(.) by extensions ['python_setup_py']
[0.315s] Level 1:colcon.colcon_core.package_identification:_identify(.) by extension 'python_setup_py'
[0.315s] Level 1:colcon.colcon_core.package_identification:_identify(build) by extensions ['ignore', 'ignore_ament_install']
[0.315s] Level 1:colcon.colcon_core.package_identification:_identify(build) by extension 'ignore'
[0.315s] Level 1:colcon.colcon_core.package_identification:_identify(build) ignored
[0.315s] Level 1:colcon.colcon_core.package_identification:_identify(install) by extensions ['ignore', 'ignore_ament_install']
[0.315s] Level 1:colcon.colcon_core.package_identification:_identify(install) by extension 'ignore'
[0.315s] Level 1:colcon.colcon_core.package_identification:_identify(install) ignored
[0.315s] Level 1:colcon.colcon_core.package_identification:_identify(log) by extensions ['ignore', 'ignore_ament_install']
[0.315s] Level 1:colcon.colcon_core.package_identification:_identify(log) by extension 'ignore'
[0.315s] Level 1:colcon.colcon_core.package_identification:_identify(log) ignored
[0.315s] Level 1:colcon.colcon_core.package_identification:_identify(src) by extensions ['ignore', 'ignore_ament_install']
[0.315s] Level 1:colcon.colcon_core.package_identification:_identify(src) by extension 'ignore'
[0.315s] Level 1:colcon.colcon_core.package_identification:_identify(src) by extension 'ignore_ament_install'
[0.315s] Level 1:colcon.colcon_core.package_identification:_identify(src) by extensions ['colcon_pkg']
[0.315s] Level 1:colcon.colcon_core.package_identification:_identify(src) by extension 'colcon_pkg'
[0.315s] Level 1:colcon.colcon_core.package_identification:_identify(src) by extensions ['colcon_meta']
[0.315s] Level 1:colcon.colcon_core.package_identification:_identify(src) by extension 'colcon_meta'
[0.315s] Level 1:colcon.colcon_core.package_identification:_identify(src) by extensions ['ros']
[0.316s] Level 1:colcon.colcon_core.package_identification:_identify(src) by extension 'ros'
[0.316s] Level 1:colcon.colcon_core.package_identification:_identify(src) by extensions ['cmake', 'python']
[0.316s] Level 1:colcon.colcon_core.package_identification:_identify(src) by extension 'cmake'
[0.316s] Level 1:colcon.colcon_core.package_identification:_identify(src) by extension 'python'
[0.316s] Level 1:colcon.colcon_core.package_identification:_identify(src) by extensions ['python_setup_py']
[0.316s] Level 1:colcon.colcon_core.package_identification:_identify(src) by extension 'python_setup_py'
[0.316s] Level 1:colcon.colcon_core.package_identification:_identify(src/mono_phone_ros) by extensions ['ignore', 'ignore_ament_install']
[0.316s] Level 1:colcon.colcon_core.package_identification:_identify(src/mono_phone_ros) by extension 'ignore'
[0.316s] Level 1:colcon.colcon_core.package_identification:_identify(src/mono_phone_ros) by extension 'ignore_ament_install'
[0.316s] Level 1:colcon.colcon_core.package_identification:_identify(src/mono_phone_ros) by extensions ['colcon_pkg']
[0.316s] Level 1:colcon.colcon_core.package_identification:_identify(src/mono_phone_ros) by extension 'colcon_pkg'
[0.316s] Level 1:colcon.colcon_core.package_identification:_identify(src/mono_phone_ros) by extensions ['colcon_meta']
[0.316s] Level 1:colcon.colcon_core.package_identification:_identify(src/mono_phone_ros) by extension 'colcon_meta'
[0.316s] Level 1:colcon.colcon_core.package_identification:_identify(src/mono_phone_ros) by extensions ['ros']
[0.316s] Level 1:colcon.colcon_core.package_identification:_identify(src/mono_phone_ros) by extension 'ros'
[0.318s] DEBUG:colcon.colcon_core.package_identification:Package 'src/mono_phone_ros' with type 'ros.catkin' and name 'mono_phone_ros'
[0.318s] Level 1:colcon.colcon_core.package_identification:_identify(src/my_slam_package) by extensions ['ignore', 'ignore_ament_install']
[0.319s] Level 1:colcon.colcon_core.package_identification:_identify(src/my_slam_package) by extension 'ignore'
[0.319s] Level 1:colcon.colcon_core.package_identification:_identify(src/my_slam_package) by extension 'ignore_ament_install'
[0.319s] Level 1:colcon.colcon_core.package_identification:_identify(src/my_slam_package) by extensions ['colcon_pkg']
[0.319s] Level 1:colcon.colcon_core.package_identification:_identify(src/my_slam_package) by extension 'colcon_pkg'
[0.319s] Level 1:colcon.colcon_core.package_identification:_identify(src/my_slam_package) by extensions ['colcon_meta']
[0.319s] Level 1:colcon.colcon_core.package_identification:_identify(src/my_slam_package) by extension 'colcon_meta'
[0.319s] Level 1:colcon.colcon_core.package_identification:_identify(src/my_slam_package) by extensions ['ros']
[0.319s] Level 1:colcon.colcon_core.package_identification:_identify(src/my_slam_package) by extension 'ros'
[0.319s] DEBUG:colcon.colcon_core.package_identification:Package 'src/my_slam_package' with type 'ros.ament_cmake' and name 'my_slam_package'
[0.319s] Level 1:colcon.colcon_core.package_discovery:discover_packages(recursive) using defaults
[0.319s] Level 1:colcon.colcon_core.package_discovery:discover_packages(ignore) discover
[0.319s] Level 1:colcon.colcon_core.package_discovery:discover_packages(ignore) using defaults
[0.319s] Level 1:colcon.colcon_core.package_discovery:discover_packages(path) discover
[0.319s] Level 1:colcon.colcon_core.package_discovery:discover_packages(path) using defaults
[0.338s] Level 1:colcon.colcon_core.package_discovery:discover_packages(prefix_path) check parameters
[0.338s] Level 1:colcon.colcon_core.package_discovery:discover_packages(prefix_path) discover
[0.341s] DEBUG:colcon.colcon_installed_package_information.package_discovery:Found 262 installed packages in /opt/ros/humble
[0.342s] Level 1:colcon.colcon_core.package_discovery:discover_packages(prefix_path) using defaults
[0.382s] Level 5:colcon.colcon_core.verb:set package 'mono_phone_ros' build argument 'cmake_args' from command line to 'None'
[0.382s] Level 5:colcon.colcon_core.verb:set package 'mono_phone_ros' build argument 'cmake_target' from command line to 'None'
[0.382s] Level 5:colcon.colcon_core.verb:set package 'mono_phone_ros' build argument 'cmake_target_skip_unavailable' from command line to 'False'
[0.382s] Level 5:colcon.colcon_core.verb:set package 'mono_phone_ros' build argument 'cmake_clean_cache' from command line to 'False'
[0.382s] Level 5:colcon.colcon_core.verb:set package 'mono_phone_ros' build argument 'cmake_clean_first' from command line to 'False'
[0.382s] Level 5:colcon.colcon_core.verb:set package 'mono_phone_ros' build argument 'cmake_force_configure' from command line to 'False'
[0.382s] Level 5:colcon.colcon_core.verb:set package 'mono_phone_ros' build argument 'ament_cmake_args' from command line to 'None'
[0.382s] Level 5:colcon.colcon_core.verb:set package 'mono_phone_ros' build argument 'catkin_cmake_args' from command line to 'None'
[0.382s] Level 5:colcon.colcon_core.verb:set package 'mono_phone_ros' build argument 'catkin_skip_building_tests' from command line to 'False'
[0.382s] DEBUG:colcon.colcon_core.verb:Building package 'mono_phone_ros' with the following arguments: {'ament_cmake_args': None, 'build_base': '/home/subi/ros2_ws/build/mono_phone_ros', 'catkin_cmake_args': None, 'catkin_skip_building_tests': False, 'cmake_args': None, 'cmake_clean_cache': False, 'cmake_clean_first': False, 'cmake_force_configure': False, 'cmake_target': None, 'cmake_target_skip_unavailable': False, 'install_base': '/home/subi/ros2_ws/install/mono_phone_ros', 'merge_install': False, 'path': '/home/subi/ros2_ws/src/mono_phone_ros', 'symlink_install': True, 'test_result_base': None}
[0.382s] Level 5:colcon.colcon_core.verb:set package 'my_slam_package' build argument 'cmake_args' from command line to 'None'
[0.382s] Level 5:colcon.colcon_core.verb:set package 'my_slam_package' build argument 'cmake_target' from command line to 'None'
[0.382s] Level 5:colcon.colcon_core.verb:set package 'my_slam_package' build argument 'cmake_target_skip_unavailable' from command line to 'False'
[0.382s] Level 5:colcon.colcon_core.verb:set package 'my_slam_package' build argument 'cmake_clean_cache' from command line to 'False'
[0.382s] Level 5:colcon.colcon_core.verb:set package 'my_slam_package' build argument 'cmake_clean_first' from command line to 'False'
[0.382s] Level 5:colcon.colcon_core.verb:set package 'my_slam_package' build argument 'cmake_force_configure' from command line to 'False'
[0.382s] Level 5:colcon.colcon_core.verb:set package 'my_slam_package' build argument 'ament_cmake_args' from command line to 'None'
[0.382s] Level 5:colcon.colcon_core.verb:set package 'my_slam_package' build argument 'catkin_cmake_args' from command line to 'None'
[0.382s] Level 5:colcon.colcon_core.verb:set package 'my_slam_package' build argument 'catkin_skip_building_tests' from command line to 'False'
[0.382s] DEBUG:colcon.colcon_core.verb:Building package 'my_slam_package' with the following arguments: {'ament_cmake_args': None, 'build_base': '/home/subi/ros2_ws/build/my_slam_package', 'catkin_cmake_args': None, 'catkin_skip_building_tests': False, 'cmake_args': None, 'cmake_clean_cache': False, 'cmake_clean_first': False, 'cmake_force_configure': False, 'cmake_target': None, 'cmake_target_skip_unavailable': False, 'install_base': '/home/subi/ros2_ws/install/my_slam_package', 'merge_install': False, 'path': '/home/subi/ros2_ws/src/my_slam_package', 'symlink_install': True, 'test_result_base': None}
[0.382s] INFO:colcon.colcon_core.executor:Executing jobs using 'parallel' executor
[0.383s] DEBUG:colcon.colcon_parallel_executor.executor.parallel:run_until_complete
[0.383s] INFO:colcon.colcon_ros.task.catkin.build:Building ROS package in '/home/subi/ros2_ws/src/mono_phone_ros' with build type 'catkin'
[0.384s] INFO:colcon.colcon_cmake.task.cmake.build:Building CMake package in '/home/subi/ros2_ws/src/mono_phone_ros'
[0.386s] INFO:colcon.colcon_core.plugin_system:Skipping extension 'colcon_core.shell.bat': Not used on non-Windows systems
[0.387s] INFO:colcon.colcon_core.shell:Skip shell extension 'powershell' for command environment: Not usable outside of PowerShell
[0.387s] DEBUG:colcon.colcon_core.shell:Skip shell extension 'dsv' for command environment
[0.389s] INFO:colcon.colcon_ros.task.ament_cmake.build:Building ROS package in '/home/subi/ros2_ws/src/my_slam_package' with build type 'ament_cmake'
[0.389s] INFO:colcon.colcon_cmake.task.cmake.build:Building CMake package in '/home/subi/ros2_ws/src/my_slam_package'
[0.390s] INFO:colcon.colcon_core.shell:Skip shell extension 'powershell' for command environment: Not usable outside of PowerShell
[0.390s] DEBUG:colcon.colcon_core.shell:Skip shell extension 'dsv' for command environment
[0.397s] DEBUG:colcon.colcon_core.event_handler.log_command:Invoking command in '/home/subi/ros2_ws/build/mono_phone_ros': /usr/bin/cmake /home/subi/ros2_ws/src/mono_phone_ros -DCATKIN_INSTALL_INTO_PREFIX_ROOT=0 -DCATKIN_SYMLINK_INSTALL=ON -DCMAKE_INSTALL_PREFIX=/home/subi/ros2_ws/install/mono_phone_ros
[0.401s] DEBUG:colcon.colcon_core.event_handler.log_command:Invoking command in '/home/subi/ros2_ws/build/my_slam_package': CMAKE_PREFIX_PATH=/opt/ros/humble /usr/bin/cmake /home/subi/ros2_ws/src/my_slam_package -DAMENT_CMAKE_SYMLINK_INSTALL=1 -DCMAKE_INSTALL_PREFIX=/home/subi/ros2_ws/install/my_slam_package
[1.170s] DEBUG:colcon.colcon_core.event_handler.log_command:Invoked command in '/home/subi/ros2_ws/build/mono_phone_ros' returned '0': /usr/bin/cmake /home/subi/ros2_ws/src/mono_phone_ros -DCATKIN_INSTALL_INTO_PREFIX_ROOT=0 -DCATKIN_SYMLINK_INSTALL=ON -DCMAKE_INSTALL_PREFIX=/home/subi/ros2_ws/install/mono_phone_ros
[1.172s] DEBUG:colcon.colcon_core.event_handler.log_command:Invoking command in '/home/subi/ros2_ws/build/mono_phone_ros': /usr/bin/cmake --build /home/subi/ros2_ws/build/mono_phone_ros -- -j8 -l8
[1.259s] DEBUG:colcon.colcon_core.event_handler.log_command:Invoked command in '/home/subi/ros2_ws/build/mono_phone_ros' returned '0': /usr/bin/cmake --build /home/subi/ros2_ws/build/mono_phone_ros -- -j8 -l8
[1.319s] DEBUG:colcon.colcon_core.event_handler.log_command:Invoking command in '/home/subi/ros2_ws/build/mono_phone_ros': /usr/bin/cmake --install /home/subi/ros2_ws/build/mono_phone_ros
[1.329s] DEBUG:colcon.colcon_core.event_handler.log_command:Invoked command in '/home/subi/ros2_ws/build/mono_phone_ros' returned '0': /usr/bin/cmake --install /home/subi/ros2_ws/build/mono_phone_ros
[1.348s] Level 1:colcon.colcon_core.shell:create_environment_hook('mono_phone_ros', 'ros_package_path')
[1.349s] INFO:colcon.colcon_core.shell:Creating environment hook '/home/subi/ros2_ws/install/mono_phone_ros/share/mono_phone_ros/hook/ros_package_path.ps1'
[1.349s] INFO:colcon.colcon_core.shell:Creating environment descriptor '/home/subi/ros2_ws/install/mono_phone_ros/share/mono_phone_ros/hook/ros_package_path.dsv'
[1.350s] INFO:colcon.colcon_core.shell:Creating environment hook '/home/subi/ros2_ws/install/mono_phone_ros/share/mono_phone_ros/hook/ros_package_path.sh'
[1.351s] Level 1:colcon.colcon_core.shell:create_environment_hook('mono_phone_ros', 'pkg_config_path')
[1.351s] INFO:colcon.colcon_core.shell:Creating environment hook '/home/subi/ros2_ws/install/mono_phone_ros/share/mono_phone_ros/hook/pkg_config_path.ps1'
[1.351s] INFO:colcon.colcon_core.shell:Creating environment descriptor '/home/subi/ros2_ws/install/mono_phone_ros/share/mono_phone_ros/hook/pkg_config_path.dsv'
[1.351s] INFO:colcon.colcon_core.shell:Creating environment hook '/home/subi/ros2_ws/install/mono_phone_ros/share/mono_phone_ros/hook/pkg_config_path.sh'
[1.353s] Level 1:colcon.colcon_core.shell:create_environment_hook('mono_phone_ros', 'pkg_config_path_multiarch')
[1.354s] INFO:colcon.colcon_core.shell:Creating environment hook '/home/subi/ros2_ws/install/mono_phone_ros/share/mono_phone_ros/hook/pkg_config_path_multiarch.ps1'
[1.354s] INFO:colcon.colcon_core.shell:Creating environment descriptor '/home/subi/ros2_ws/install/mono_phone_ros/share/mono_phone_ros/hook/pkg_config_path_multiarch.dsv'
[1.354s] INFO:colcon.colcon_core.shell:Creating environment hook '/home/subi/ros2_ws/install/mono_phone_ros/share/mono_phone_ros/hook/pkg_config_path_multiarch.sh'
[1.355s] Level 1:colcon.colcon_core.environment:create_environment_scripts_only(mono_phone_ros)
[1.358s] Level 1:colcon.colcon_core.environment:checking '/home/subi/ros2_ws/install/mono_phone_ros' for CMake module files
[1.359s] Level 1:colcon.colcon_core.environment:checking '/home/subi/ros2_ws/install/mono_phone_ros' for CMake config files
[1.359s] Level 1:colcon.colcon_core.shell:create_environment_hook('mono_phone_ros', 'cmake_prefix_path')
[1.359s] INFO:colcon.colcon_core.shell:Creating environment hook '/home/subi/ros2_ws/install/mono_phone_ros/share/mono_phone_ros/hook/cmake_prefix_path.ps1'
[1.359s] INFO:colcon.colcon_core.shell:Creating environment descriptor '/home/subi/ros2_ws/install/mono_phone_ros/share/mono_phone_ros/hook/cmake_prefix_path.dsv'
[1.359s] INFO:colcon.colcon_core.shell:Creating environment hook '/home/subi/ros2_ws/install/mono_phone_ros/share/mono_phone_ros/hook/cmake_prefix_path.sh'
[1.360s] Level 1:colcon.colcon_core.environment:checking '/home/subi/ros2_ws/install/mono_phone_ros/lib'
[1.360s] Level 1:colcon.colcon_core.environment:checking '/home/subi/ros2_ws/install/mono_phone_ros/bin'
[1.360s] Level 1:colcon.colcon_core.environment:checking '/home/subi/ros2_ws/install/mono_phone_ros/lib/pkgconfig/mono_phone_ros.pc'
[1.360s] Level 1:colcon.colcon_core.environment:checking '/home/subi/ros2_ws/install/mono_phone_ros/lib/python3.10/site-packages'
[1.360s] Level 1:colcon.colcon_core.environment:checking '/home/subi/ros2_ws/install/mono_phone_ros/bin'
[1.361s] INFO:colcon.colcon_core.shell:Creating package script '/home/subi/ros2_ws/install/mono_phone_ros/share/mono_phone_ros/package.ps1'
[1.361s] INFO:colcon.colcon_core.shell:Creating package descriptor '/home/subi/ros2_ws/install/mono_phone_ros/share/mono_phone_ros/package.dsv'
[1.362s] INFO:colcon.colcon_core.shell:Creating package script '/home/subi/ros2_ws/install/mono_phone_ros/share/mono_phone_ros/package.sh'
[1.362s] INFO:colcon.colcon_core.shell:Creating package script '/home/subi/ros2_ws/install/mono_phone_ros/share/mono_phone_ros/package.bash'
[1.363s] INFO:colcon.colcon_core.shell:Creating package script '/home/subi/ros2_ws/install/mono_phone_ros/share/mono_phone_ros/package.zsh'
[1.363s] Level 1:colcon.colcon_core.environment:create_file_with_runtime_dependencies(/home/subi/ros2_ws/install/mono_phone_ros/share/colcon-core/packages/mono_phone_ros)
[1.735s] DEBUG:colcon.colcon_core.event_handler.log_command:Invoked command in '/home/subi/ros2_ws/build/my_slam_package' returned '0': CMAKE_PREFIX_PATH=/opt/ros/humble /usr/bin/cmake /home/subi/ros2_ws/src/my_slam_package -DAMENT_CMAKE_SYMLINK_INSTALL=1 -DCMAKE_INSTALL_PREFIX=/home/subi/ros2_ws/install/my_slam_package
[1.737s] DEBUG:colcon.colcon_core.event_handler.log_command:Invoking command in '/home/subi/ros2_ws/build/my_slam_package': CMAKE_PREFIX_PATH=/opt/ros/humble /usr/bin/cmake --build /home/subi/ros2_ws/build/my_slam_package -- -j8 -l8
[18.502s] DEBUG:colcon.colcon_core.event_handler.log_command:Invoked command in '/home/subi/ros2_ws/build/my_slam_package' returned '0': CMAKE_PREFIX_PATH=/opt/ros/humble /usr/bin/cmake --build /home/subi/ros2_ws/build/my_slam_package -- -j8 -l8
[18.538s] DEBUG:colcon.colcon_core.event_handler.log_command:Invoking command in '/home/subi/ros2_ws/build/my_slam_package': CMAKE_PREFIX_PATH=/opt/ros/humble /usr/bin/cmake --install /home/subi/ros2_ws/build/my_slam_package
[18.714s] Level 1:colcon.colcon_core.environment:create_environment_scripts_only(my_slam_package)
[18.715s] Level 1:colcon.colcon_core.environment:checking '/home/subi/ros2_ws/install/my_slam_package' for CMake module files
[18.716s] DEBUG:colcon.colcon_core.event_handler.log_command:Invoked command in '/home/subi/ros2_ws/build/my_slam_package' returned '0': CMAKE_PREFIX_PATH=/opt/ros/humble /usr/bin/cmake --install /home/subi/ros2_ws/build/my_slam_package
[18.716s] Level 1:colcon.colcon_core.environment:checking '/home/subi/ros2_ws/install/my_slam_package' for CMake config files
[18.716s] Level 1:colcon.colcon_core.shell:create_environment_hook('my_slam_package', 'cmake_prefix_path')
[18.717s] INFO:colcon.colcon_core.shell:Creating environment hook '/home/subi/ros2_ws/install/my_slam_package/share/my_slam_package/hook/cmake_prefix_path.ps1'
[18.717s] INFO:colcon.colcon_core.shell:Creating environment descriptor '/home/subi/ros2_ws/install/my_slam_package/share/my_slam_package/hook/cmake_prefix_path.dsv'
[18.718s] INFO:colcon.colcon_core.shell:Creating environment hook '/home/subi/ros2_ws/install/my_slam_package/share/my_slam_package/hook/cmake_prefix_path.sh'
[18.719s] Level 1:colcon.colcon_core.environment:checking '/home/subi/ros2_ws/install/my_slam_package/lib'
[18.719s] Level 1:colcon.colcon_core.environment:checking '/home/subi/ros2_ws/install/my_slam_package/bin'
[18.719s] Level 1:colcon.colcon_core.environment:checking '/home/subi/ros2_ws/install/my_slam_package/lib/pkgconfig/my_slam_package.pc'
[18.719s] Level 1:colcon.colcon_core.environment:checking '/home/subi/ros2_ws/install/my_slam_package/lib/python3.10/site-packages'
[18.720s] Level 1:colcon.colcon_core.environment:checking '/home/subi/ros2_ws/install/my_slam_package/bin'
[18.720s] INFO:colcon.colcon_core.shell:Creating package script '/home/subi/ros2_ws/install/my_slam_package/share/my_slam_package/package.ps1'
[18.728s] INFO:colcon.colcon_core.shell:Creating package descriptor '/home/subi/ros2_ws/install/my_slam_package/share/my_slam_package/package.dsv'
[18.729s] INFO:colcon.colcon_core.shell:Creating package script '/home/subi/ros2_ws/install/my_slam_package/share/my_slam_package/package.sh'
[18.730s] INFO:colcon.colcon_core.shell:Creating package script '/home/subi/ros2_ws/install/my_slam_package/share/my_slam_package/package.bash'
[18.730s] INFO:colcon.colcon_core.shell:Creating package script '/home/subi/ros2_ws/install/my_slam_package/share/my_slam_package/package.zsh'
[18.731s] Level 1:colcon.colcon_core.environment:create_file_with_runtime_dependencies(/home/subi/ros2_ws/install/my_slam_package/share/colcon-core/packages/my_slam_package)
[18.763s] Level 1:colcon.colcon_core.environment:create_environment_scripts_only(my_slam_package)
[18.764s] Level 1:colcon.colcon_core.environment:checking '/home/subi/ros2_ws/install/my_slam_package' for CMake module files
[18.765s] Level 1:colcon.colcon_core.environment:checking '/home/subi/ros2_ws/install/my_slam_package' for CMake config files
[18.765s] Level 1:colcon.colcon_core.shell:create_environment_hook('my_slam_package', 'cmake_prefix_path')
[18.765s] INFO:colcon.colcon_core.shell:Creating environment hook '/home/subi/ros2_ws/install/my_slam_package/share/my_slam_package/hook/cmake_prefix_path.ps1'
[18.765s] INFO:colcon.colcon_core.shell:Creating environment descriptor '/home/subi/ros2_ws/install/my_slam_package/share/my_slam_package/hook/cmake_prefix_path.dsv'
[18.766s] INFO:colcon.colcon_core.shell:Creating environment hook '/home/subi/ros2_ws/install/my_slam_package/share/my_slam_package/hook/cmake_prefix_path.sh'
[18.766s] Level 1:colcon.colcon_core.environment:checking '/home/subi/ros2_ws/install/my_slam_package/lib'
[18.766s] Level 1:colcon.colcon_core.environment:checking '/home/subi/ros2_ws/install/my_slam_package/bin'
[18.766s] Level 1:colcon.colcon_core.environment:checking '/home/subi/ros2_ws/install/my_slam_package/lib/pkgconfig/my_slam_package.pc'
[18.766s] Level 1:colcon.colcon_core.environment:checking '/home/subi/ros2_ws/install/my_slam_package/lib/python3.10/site-packages'
[18.766s] Level 1:colcon.colcon_core.environment:checking '/home/subi/ros2_ws/install/my_slam_package/bin'
[18.766s] INFO:colcon.colcon_core.shell:Creating package script '/home/subi/ros2_ws/install/my_slam_package/share/my_slam_package/package.ps1'
[18.767s] INFO:colcon.colcon_core.shell:Creating package descriptor '/home/subi/ros2_ws/install/my_slam_package/share/my_slam_package/package.dsv'
[18.767s] INFO:colcon.colcon_core.shell:Creating package script '/home/subi/ros2_ws/install/my_slam_package/share/my_slam_package/package.sh'
[18.767s] INFO:colcon.colcon_core.shell:Creating package script '/home/subi/ros2_ws/install/my_slam_package/share/my_slam_package/package.bash'
[18.768s] INFO:colcon.colcon_core.shell:Creating package script '/home/subi/ros2_ws/install/my_slam_package/share/my_slam_package/package.zsh'
[18.768s] Level 1:colcon.colcon_core.environment:create_file_with_runtime_dependencies(/home/subi/ros2_ws/install/my_slam_package/share/colcon-core/packages/my_slam_package)
[18.768s] DEBUG:colcon.colcon_parallel_executor.executor.parallel:closing loop
[18.769s] DEBUG:colcon.colcon_parallel_executor.executor.parallel:loop closed
[18.769s] DEBUG:colcon.colcon_parallel_executor.executor.parallel:run_until_complete finished with '0'
[18.769s] DEBUG:colcon.colcon_core.event_reactor:joining thread
[18.802s] INFO:colcon.colcon_core.plugin_system:Skipping extension 'colcon_notification.desktop_notification.terminal_notifier': Not used on non-Darwin systems
[18.802s] INFO:colcon.colcon_core.plugin_system:Skipping extension 'colcon_notification.desktop_notification.win32': Not used on non-Windows systems
[18.802s] INFO:colcon.colcon_notification.desktop_notification:Sending desktop notification using 'notify2'
[18.820s] DEBUG:colcon.colcon_core.event_reactor:joined thread
[18.820s] INFO:colcon.colcon_core.shell:Creating prefix script '/home/subi/ros2_ws/install/local_setup.ps1'
[18.822s] INFO:colcon.colcon_core.shell:Creating prefix util module '/home/subi/ros2_ws/install/_local_setup_util_ps1.py'
[18.825s] INFO:colcon.colcon_core.shell:Creating prefix chain script '/home/subi/ros2_ws/install/setup.ps1'
[18.827s] INFO:colcon.colcon_core.shell:Creating prefix script '/home/subi/ros2_ws/install/local_setup.sh'
[18.828s] INFO:colcon.colcon_core.shell:Creating prefix util module '/home/subi/ros2_ws/install/_local_setup_util_sh.py'
[18.829s] INFO:colcon.colcon_core.shell:Creating prefix chain script '/home/subi/ros2_ws/install/setup.sh'
[18.830s] INFO:colcon.colcon_core.shell:Creating prefix script '/home/subi/ros2_ws/install/local_setup.bash'
[18.831s] INFO:colcon.colcon_core.shell:Creating prefix chain script '/home/subi/ros2_ws/install/setup.bash'
[18.833s] INFO:colcon.colcon_core.shell:Creating prefix script '/home/subi/ros2_ws/install/local_setup.zsh'
[18.834s] INFO:colcon.colcon_core.shell:Creating prefix chain script '/home/subi/ros2_ws/install/setup.zsh'
