-- The C compiler identification is GNU 11.4.0
-- The CXX compiler identification is GNU 11.4.0
-- Detecting C compiler ABI info
-- Detecting C compiler ABI info - done
-- Check for working C compiler: /usr/bin/cc - skipped
-- Detecting C compile features
-- Detecting C compile features - done
-- Detecting CXX compiler ABI info
-- Detecting CXX compiler ABI info - done
-- Check for working CXX compiler: /usr/bin/c++ - skipped
-- Detecting CXX compile features
-- Detecting CXX compile features - done
-- Found ament_cmake: 1.3.9 (/opt/ros/humble/share/ament_cmake/cmake)
-- Found Python3: /usr/bin/python3 (found version "3.10.12") found components: Interpreter 
-- Found rclcpp: 16.0.9 (/opt/ros/humble/share/rclcpp/cmake)
-- Found rosidl_generator_c: 3.1.5 (/opt/ros/humble/share/rosidl_generator_c/cmake)
-- Found rosidl_adapter: 3.1.5 (/opt/ros/humble/share/rosidl_adapter/cmake)
-- Found rosidl_generator_cpp: 3.1.5 (/opt/ros/humble/share/rosidl_generator_cpp/cmake)
-- Using all available rosidl_typesupport_c: rosidl_typesupport_fastrtps_c;rosidl_typesupport_introspection_c
-- Using all available rosidl_typesupport_cpp: rosidl_typesupport_fastrtps_cpp;rosidl_typesupport_introspection_cpp
-- Found rmw_implementation_cmake: 6.1.2 (/opt/ros/humble/share/rmw_implementation_cmake/cmake)
-- Found rmw_fastrtps_cpp: 6.2.6 (/opt/ros/humble/share/rmw_fastrtps_cpp/cmake)
-- Found OpenSSL: /usr/lib/x86_64-linux-gnu/libcrypto.so (found version "3.0.2")  
-- Found FastRTPS: /opt/ros/humble/include  
-- Using RMW implementation 'rmw_fastrtps_cpp' as default
-- Looking for pthread.h
-- Looking for pthread.h - found
-- Performing Test CMAKE_HAVE_LIBC_PTHREAD
-- Performing Test CMAKE_HAVE_LIBC_PTHREAD - Success
-- Found Threads: TRUE  
-- Found sensor_msgs: 4.2.4 (/opt/ros/humble/share/sensor_msgs/cmake)
-- Found cv_bridge: 3.2.1 (/opt/ros/humble/share/cv_bridge/cmake)
-- Found OpenCV: /usr/local (found version "4.10.0") 
-- Configuring done
-- Generating done
-- Build files have been written to: /home/subi/ros2_ws/build/mono_phone_ros
[ 50%] [32mBuilding CXX object CMakeFiles/mono_phone_node.dir/src/mono_phone_node.cpp.o[0m
[100%] [32m[1mLinking CXX executable mono_phone_node[0m
[100%] Built target mono_phone_node
-- Install configuration: "Debug"
-- Installing: /home/subi/ros2_ws/install/mono_phone_ros/lib/mono_phone_ros/mono_phone_node
-- Set runtime path of "/home/subi/ros2_ws/install/mono_phone_ros/lib/mono_phone_ros/mono_phone_node" to ""
-- Installing: /home/subi/ros2_ws/install/mono_phone_ros/share/ament_index/resource_index/package_run_dependencies/mono_phone_ros
-- Installing: /home/subi/ros2_ws/install/mono_phone_ros/share/ament_index/resource_index/parent_prefix_path/mono_phone_ros
-- Installing: /home/subi/ros2_ws/install/mono_phone_ros/share/mono_phone_ros/environment/ament_prefix_path.sh
-- Installing: /home/subi/ros2_ws/install/mono_phone_ros/share/mono_phone_ros/environment/ament_prefix_path.dsv
-- Installing: /home/subi/ros2_ws/install/mono_phone_ros/share/mono_phone_ros/environment/path.sh
-- Installing: /home/subi/ros2_ws/install/mono_phone_ros/share/mono_phone_ros/environment/path.dsv
-- Installing: /home/subi/ros2_ws/install/mono_phone_ros/share/mono_phone_ros/local_setup.bash
-- Installing: /home/subi/ros2_ws/install/mono_phone_ros/share/mono_phone_ros/local_setup.sh
-- Installing: /home/subi/ros2_ws/install/mono_phone_ros/share/mono_phone_ros/local_setup.zsh
-- Installing: /home/subi/ros2_ws/install/mono_phone_ros/share/mono_phone_ros/local_setup.dsv
-- Installing: /home/subi/ros2_ws/install/mono_phone_ros/share/mono_phone_ros/package.dsv
-- Installing: /home/subi/ros2_ws/install/mono_phone_ros/share/ament_index/resource_index/packages/mono_phone_ros
-- Installing: /home/subi/ros2_ws/install/mono_phone_ros/share/mono_phone_ros/cmake/mono_phone_rosConfig.cmake
-- Installing: /home/subi/ros2_ws/install/mono_phone_ros/share/mono_phone_ros/cmake/mono_phone_rosConfig-version.cmake
-- Installing: /home/subi/ros2_ws/install/mono_phone_ros/share/mono_phone_ros/package.xml
