Compiling the CXX compiler identification source file "CMakeCXXCompilerId.cpp" failed.
Compiler: CMAKE_CXX_COMPILER-NOTFOUND 
Build flags: 
Id flags:  

The output was:
No such file or directory


Compiling the CXX compiler identification source file "CMakeCXXCompilerId.cpp" failed.
Compiler: CMAKE_CXX_COMPILER-NOTFOUND 
Build flags: 
Id flags: -c 

The output was:
No such file or directory


Compiling the CXX compiler identification source file "CMakeCXXCompilerId.cpp" failed.
Compiler: CMAKE_CXX_COMPILER-NOTFOUND 
Build flags: 
Id flags: --c++ 

The output was:
No such file or directory


Compiling the CXX compiler identification source file "CMakeCXXCompilerId.cpp" failed.
Compiler: CMAKE_CXX_COMPILER-NOTFOUND 
Build flags: 
Id flags: --ec++ 

The output was:
No such file or directory


Compiling the CXX compiler identification source file "CMakeCXXCompilerId.cpp" failed.
Compiler: CMAKE_CXX_COMPILER-NOTFOUND 
Build flags: 
Id flags: --target=arm-arm-none-eabi;-mcpu=cortex-m3 

The output was:
No such file or directory


Compiling the CXX compiler identification source file "CMakeCXXCompilerId.cpp" failed.
Compiler: CMAKE_CXX_COMPILER-NOTFOUND 
Build flags: 
Id flags: -c;-I__does_not_exist__ 

The output was:
No such file or directory


Compiling the CXX compiler identification source file "CMakeCXXCompilerId.cpp" failed.
Compiler: CMAKE_CXX_COMPILER-NOTFOUND 
Build flags: 
Id flags:  

The output was:
No such file or directory


Compiling the CXX compiler identification source file "CMakeCXXCompilerId.cpp" failed.
Compiler: CMAKE_CXX_COMPILER-NOTFOUND 
Build flags: 
Id flags: -c 

The output was:
No such file or directory


Compiling the CXX compiler identification source file "CMakeCXXCompilerId.cpp" failed.
Compiler: CMAKE_CXX_COMPILER-NOTFOUND 
Build flags: 
Id flags: --c++ 

The output was:
No such file or directory


Compiling the CXX compiler identification source file "CMakeCXXCompilerId.cpp" failed.
Compiler: CMAKE_CXX_COMPILER-NOTFOUND 
Build flags: 
Id flags: --ec++ 

The output was:
No such file or directory


Compiling the CXX compiler identification source file "CMakeCXXCompilerId.cpp" failed.
Compiler: CMAKE_CXX_COMPILER-NOTFOUND 
Build flags: 
Id flags: --target=arm-arm-none-eabi;-mcpu=cortex-m3 

The output was:
No such file or directory


Compiling the CXX compiler identification source file "CMakeCXXCompilerId.cpp" failed.
Compiler: CMAKE_CXX_COMPILER-NOTFOUND 
Build flags: 
Id flags: -c;-I__does_not_exist__ 

The output was:
No such file or directory


Compiling the CXX compiler identification source file "CMakeCXXCompilerId.cpp" failed.
Compiler: CMAKE_CXX_COMPILER-NOTFOUND 
Build flags: 
Id flags:  

The output was:
No such file or directory


Compiling the CXX compiler identification source file "CMakeCXXCompilerId.cpp" failed.
Compiler: CMAKE_CXX_COMPILER-NOTFOUND 
Build flags: 
Id flags: -c 

The output was:
No such file or directory


Compiling the CXX compiler identification source file "CMakeCXXCompilerId.cpp" failed.
Compiler: CMAKE_CXX_COMPILER-NOTFOUND 
Build flags: 
Id flags: --c++ 

The output was:
No such file or directory


Compiling the CXX compiler identification source file "CMakeCXXCompilerId.cpp" failed.
Compiler: CMAKE_CXX_COMPILER-NOTFOUND 
Build flags: 
Id flags: --ec++ 

The output was:
No such file or directory


Compiling the CXX compiler identification source file "CMakeCXXCompilerId.cpp" failed.
Compiler: CMAKE_CXX_COMPILER-NOTFOUND 
Build flags: 
Id flags: --target=arm-arm-none-eabi;-mcpu=cortex-m3 

The output was:
No such file or directory


Compiling the CXX compiler identification source file "CMakeCXXCompilerId.cpp" failed.
Compiler: CMAKE_CXX_COMPILER-NOTFOUND 
Build flags: 
Id flags: -c;-I__does_not_exist__ 

The output was:
No such file or directory


Compiling the CXX compiler identification source file "CMakeCXXCompilerId.cpp" failed.
Compiler: CMAKE_CXX_COMPILER-NOTFOUND 
Build flags: 
Id flags:  

The output was:
No such file or directory


Compiling the CXX compiler identification source file "CMakeCXXCompilerId.cpp" failed.
Compiler: CMAKE_CXX_COMPILER-NOTFOUND 
Build flags: 
Id flags: -c 

The output was:
No such file or directory


Compiling the CXX compiler identification source file "CMakeCXXCompilerId.cpp" failed.
Compiler: CMAKE_CXX_COMPILER-NOTFOUND 
Build flags: 
Id flags: --c++ 

The output was:
No such file or directory


Compiling the CXX compiler identification source file "CMakeCXXCompilerId.cpp" failed.
Compiler: CMAKE_CXX_COMPILER-NOTFOUND 
Build flags: 
Id flags: --ec++ 

The output was:
No such file or directory


Compiling the CXX compiler identification source file "CMakeCXXCompilerId.cpp" failed.
Compiler: CMAKE_CXX_COMPILER-NOTFOUND 
Build flags: 
Id flags: --target=arm-arm-none-eabi;-mcpu=cortex-m3 

The output was:
No such file or directory


Compiling the CXX compiler identification source file "CMakeCXXCompilerId.cpp" failed.
Compiler: CMAKE_CXX_COMPILER-NOTFOUND 
Build flags: 
Id flags: -c;-I__does_not_exist__ 

The output was:
No such file or directory


Compiling the CXX compiler identification source file "CMakeCXXCompilerId.cpp" failed.
Compiler: CMAKE_CXX_COMPILER-NOTFOUND 
Build flags: 
Id flags:  

The output was:
No such file or directory


Compiling the CXX compiler identification source file "CMakeCXXCompilerId.cpp" failed.
Compiler: CMAKE_CXX_COMPILER-NOTFOUND 
Build flags: 
Id flags: -c 

The output was:
No such file or directory


Compiling the CXX compiler identification source file "CMakeCXXCompilerId.cpp" failed.
Compiler: CMAKE_CXX_COMPILER-NOTFOUND 
Build flags: 
Id flags: --c++ 

The output was:
No such file or directory


Compiling the CXX compiler identification source file "CMakeCXXCompilerId.cpp" failed.
Compiler: CMAKE_CXX_COMPILER-NOTFOUND 
Build flags: 
Id flags: --ec++ 

The output was:
No such file or directory


Compiling the CXX compiler identification source file "CMakeCXXCompilerId.cpp" failed.
Compiler: CMAKE_CXX_COMPILER-NOTFOUND 
Build flags: 
Id flags: --target=arm-arm-none-eabi;-mcpu=cortex-m3 

The output was:
No such file or directory


Compiling the CXX compiler identification source file "CMakeCXXCompilerId.cpp" failed.
Compiler: CMAKE_CXX_COMPILER-NOTFOUND 
Build flags: 
Id flags: -c;-I__does_not_exist__ 

The output was:
No such file or directory


Compiling the CXX compiler identification source file "CMakeCXXCompilerId.cpp" failed.
Compiler: CMAKE_CXX_COMPILER-NOTFOUND 
Build flags: 
Id flags:  

The output was:
No such file or directory


Compiling the CXX compiler identification source file "CMakeCXXCompilerId.cpp" failed.
Compiler: CMAKE_CXX_COMPILER-NOTFOUND 
Build flags: 
Id flags: -c 

The output was:
No such file or directory


Compiling the CXX compiler identification source file "CMakeCXXCompilerId.cpp" failed.
Compiler: CMAKE_CXX_COMPILER-NOTFOUND 
Build flags: 
Id flags: --c++ 

The output was:
No such file or directory


Compiling the CXX compiler identification source file "CMakeCXXCompilerId.cpp" failed.
Compiler: CMAKE_CXX_COMPILER-NOTFOUND 
Build flags: 
Id flags: --ec++ 

The output was:
No such file or directory


Compiling the CXX compiler identification source file "CMakeCXXCompilerId.cpp" failed.
Compiler: CMAKE_CXX_COMPILER-NOTFOUND 
Build flags: 
Id flags: --target=arm-arm-none-eabi;-mcpu=cortex-m3 

The output was:
No such file or directory


Compiling the CXX compiler identification source file "CMakeCXXCompilerId.cpp" failed.
Compiler: CMAKE_CXX_COMPILER-NOTFOUND 
Build flags: 
Id flags: -c;-I__does_not_exist__ 

The output was:
No such file or directory


Compiling the CXX compiler identification source file "CMakeCXXCompilerId.cpp" failed.
Compiler: CMAKE_CXX_COMPILER-NOTFOUND 
Build flags: 
Id flags:  

The output was:
No such file or directory


Compiling the CXX compiler identification source file "CMakeCXXCompilerId.cpp" failed.
Compiler: CMAKE_CXX_COMPILER-NOTFOUND 
Build flags: 
Id flags: -c 

The output was:
No such file or directory


Compiling the CXX compiler identification source file "CMakeCXXCompilerId.cpp" failed.
Compiler: CMAKE_CXX_COMPILER-NOTFOUND 
Build flags: 
Id flags: --c++ 

The output was:
No such file or directory


Compiling the CXX compiler identification source file "CMakeCXXCompilerId.cpp" failed.
Compiler: CMAKE_CXX_COMPILER-NOTFOUND 
Build flags: 
Id flags: --ec++ 

The output was:
No such file or directory


Compiling the CXX compiler identification source file "CMakeCXXCompilerId.cpp" failed.
Compiler: CMAKE_CXX_COMPILER-NOTFOUND 
Build flags: 
Id flags: --target=arm-arm-none-eabi;-mcpu=cortex-m3 

The output was:
No such file or directory


Compiling the CXX compiler identification source file "CMakeCXXCompilerId.cpp" failed.
Compiler: CMAKE_CXX_COMPILER-NOTFOUND 
Build flags: 
Id flags: -c;-I__does_not_exist__ 

The output was:
No such file or directory


Compiling the CXX compiler identification source file "CMakeCXXCompilerId.cpp" failed.
Compiler: CMAKE_CXX_COMPILER-NOTFOUND 
Build flags: 
Id flags:  

The output was:
No such file or directory


Compiling the CXX compiler identification source file "CMakeCXXCompilerId.cpp" failed.
Compiler: CMAKE_CXX_COMPILER-NOTFOUND 
Build flags: 
Id flags: -c 

The output was:
No such file or directory


Compiling the CXX compiler identification source file "CMakeCXXCompilerId.cpp" failed.
Compiler: CMAKE_CXX_COMPILER-NOTFOUND 
Build flags: 
Id flags: --c++ 

The output was:
No such file or directory


Compiling the CXX compiler identification source file "CMakeCXXCompilerId.cpp" failed.
Compiler: CMAKE_CXX_COMPILER-NOTFOUND 
Build flags: 
Id flags: --ec++ 

The output was:
No such file or directory


Compiling the CXX compiler identification source file "CMakeCXXCompilerId.cpp" failed.
Compiler: CMAKE_CXX_COMPILER-NOTFOUND 
Build flags: 
Id flags: --target=arm-arm-none-eabi;-mcpu=cortex-m3 

The output was:
No such file or directory


Compiling the CXX compiler identification source file "CMakeCXXCompilerId.cpp" failed.
Compiler: CMAKE_CXX_COMPILER-NOTFOUND 
Build flags: 
Id flags: -c;-I__does_not_exist__ 

The output was:
No such file or directory


Compiling the CXX compiler identification source file "CMakeCXXCompilerId.cpp" failed.
Compiler: CMAKE_CXX_COMPILER-NOTFOUND 
Build flags: 
Id flags:  

The output was:
No such file or directory


Compiling the CXX compiler identification source file "CMakeCXXCompilerId.cpp" failed.
Compiler: CMAKE_CXX_COMPILER-NOTFOUND 
Build flags: 
Id flags: -c 

The output was:
No such file or directory


Compiling the CXX compiler identification source file "CMakeCXXCompilerId.cpp" failed.
Compiler: CMAKE_CXX_COMPILER-NOTFOUND 
Build flags: 
Id flags: --c++ 

The output was:
No such file or directory


Compiling the CXX compiler identification source file "CMakeCXXCompilerId.cpp" failed.
Compiler: CMAKE_CXX_COMPILER-NOTFOUND 
Build flags: 
Id flags: --ec++ 

The output was:
No such file or directory


Compiling the CXX compiler identification source file "CMakeCXXCompilerId.cpp" failed.
Compiler: CMAKE_CXX_COMPILER-NOTFOUND 
Build flags: 
Id flags: --target=arm-arm-none-eabi;-mcpu=cortex-m3 

The output was:
No such file or directory


Compiling the CXX compiler identification source file "CMakeCXXCompilerId.cpp" failed.
Compiler: CMAKE_CXX_COMPILER-NOTFOUND 
Build flags: 
Id flags: -c;-I__does_not_exist__ 

The output was:
No such file or directory


Compiling the CXX compiler identification source file "CMakeCXXCompilerId.cpp" failed.
Compiler: CMAKE_CXX_COMPILER-NOTFOUND 
Build flags: 
Id flags:  

The output was:
No such file or directory


Compiling the CXX compiler identification source file "CMakeCXXCompilerId.cpp" failed.
Compiler: CMAKE_CXX_COMPILER-NOTFOUND 
Build flags: 
Id flags: -c 

The output was:
No such file or directory


Compiling the CXX compiler identification source file "CMakeCXXCompilerId.cpp" failed.
Compiler: CMAKE_CXX_COMPILER-NOTFOUND 
Build flags: 
Id flags: --c++ 

The output was:
No such file or directory


Compiling the CXX compiler identification source file "CMakeCXXCompilerId.cpp" failed.
Compiler: CMAKE_CXX_COMPILER-NOTFOUND 
Build flags: 
Id flags: --ec++ 

The output was:
No such file or directory


Compiling the CXX compiler identification source file "CMakeCXXCompilerId.cpp" failed.
Compiler: CMAKE_CXX_COMPILER-NOTFOUND 
Build flags: 
Id flags: --target=arm-arm-none-eabi;-mcpu=cortex-m3 

The output was:
No such file or directory


Compiling the CXX compiler identification source file "CMakeCXXCompilerId.cpp" failed.
Compiler: CMAKE_CXX_COMPILER-NOTFOUND 
Build flags: 
Id flags: -c;-I__does_not_exist__ 

The output was:
No such file or directory


Determining if the function sgemm_ exists failed with the following output:
Change Dir: /mnt/c/Users/USER/Desktop/g2o-master/g2o-master/build/CMakeFiles/CMakeTmp

Run Build Command(s):/usr/bin/gmake -f Makefile cmTC_1daac/fast && /usr/bin/gmake  -f CMakeFiles/cmTC_1daac.dir/build.make CMakeFiles/cmTC_1daac.dir/build
gmake[1]: Entering directory '/mnt/c/Users/USER/Desktop/g2o-master/g2o-master/build/CMakeFiles/CMakeTmp'
Building C object CMakeFiles/cmTC_1daac.dir/CheckFunctionExists.c.o
/usr/bin/aarch64-linux-gnu-gcc   -DCHECK_FUNCTION_EXISTS=sgemm_ -o CMakeFiles/cmTC_1daac.dir/CheckFunctionExists.c.o -c /usr/share/cmake-3.22/Modules/CheckFunctionExists.c
Linking C executable cmTC_1daac
/usr/bin/cmake -E cmake_link_script CMakeFiles/cmTC_1daac.dir/link.txt --verbose=1
/usr/bin/aarch64-linux-gnu-gcc  -DCHECK_FUNCTION_EXISTS=sgemm_ CMakeFiles/cmTC_1daac.dir/CheckFunctionExists.c.o -o cmTC_1daac 
/usr/lib/gcc-cross/aarch64-linux-gnu/11/../../../../aarch64-linux-gnu/bin/ld: CMakeFiles/cmTC_1daac.dir/CheckFunctionExists.c.o: in function `main':
CheckFunctionExists.c:(.text+0x10): undefined reference to `sgemm_'
collect2: error: ld returned 1 exit status
gmake[1]: *** [CMakeFiles/cmTC_1daac.dir/build.make:99: cmTC_1daac] Error 1
gmake[1]: Leaving directory '/mnt/c/Users/USER/Desktop/g2o-master/g2o-master/build/CMakeFiles/CMakeTmp'
gmake: *** [Makefile:127: cmTC_1daac/fast] Error 2



Performing C++ SOURCE FILE Test SSE2_AVAILABLE failed with the following output:
Change Dir: /mnt/c/Users/USER/Desktop/g2o-master/g2o-master/build/CMakeFiles/CMakeTmp

Run Build Command(s):/usr/bin/gmake -f Makefile cmTC_a878c/fast && /usr/bin/gmake  -f CMakeFiles/cmTC_a878c.dir/build.make CMakeFiles/cmTC_a878c.dir/build
gmake[1]: Entering directory '/mnt/c/Users/USER/Desktop/g2o-master/g2o-master/build/CMakeFiles/CMakeTmp'
Building CXX object CMakeFiles/cmTC_a878c.dir/src.cxx.o
/usr/bin/aarch64-linux-gnu-g++ -DSSE2_AVAILABLE  -msse2 -o CMakeFiles/cmTC_a878c.dir/src.cxx.o -c /mnt/c/Users/USER/Desktop/g2o-master/g2o-master/build/CMakeFiles/CMakeTmp/src.cxx
aarch64-linux-gnu-g++: error: unrecognized command-line option '-msse2'
gmake[1]: *** [CMakeFiles/cmTC_a878c.dir/build.make:78: CMakeFiles/cmTC_a878c.dir/src.cxx.o] Error 1
gmake[1]: Leaving directory '/mnt/c/Users/USER/Desktop/g2o-master/g2o-master/build/CMakeFiles/CMakeTmp'
gmake: *** [Makefile:127: cmTC_a878c/fast] Error 2


Source file was:
int main() { return 0; }
Performing C++ SOURCE FILE Test SSE3_AVAILABLE failed with the following output:
Change Dir: /mnt/c/Users/USER/Desktop/g2o-master/g2o-master/build/CMakeFiles/CMakeTmp

Run Build Command(s):/usr/bin/gmake -f Makefile cmTC_73af1/fast && /usr/bin/gmake  -f CMakeFiles/cmTC_73af1.dir/build.make CMakeFiles/cmTC_73af1.dir/build
gmake[1]: Entering directory '/mnt/c/Users/USER/Desktop/g2o-master/g2o-master/build/CMakeFiles/CMakeTmp'
Building CXX object CMakeFiles/cmTC_73af1.dir/src.cxx.o
/usr/bin/aarch64-linux-gnu-g++ -DSSE3_AVAILABLE  -msse3 -o CMakeFiles/cmTC_73af1.dir/src.cxx.o -c /mnt/c/Users/USER/Desktop/g2o-master/g2o-master/build/CMakeFiles/CMakeTmp/src.cxx
aarch64-linux-gnu-g++: error: unrecognized command-line option '-msse3'
gmake[1]: *** [CMakeFiles/cmTC_73af1.dir/build.make:78: CMakeFiles/cmTC_73af1.dir/src.cxx.o] Error 1
gmake[1]: Leaving directory '/mnt/c/Users/USER/Desktop/g2o-master/g2o-master/build/CMakeFiles/CMakeTmp'
gmake: *** [Makefile:127: cmTC_73af1/fast] Error 2


Source file was:
int main() { return 0; }
Performing C++ SOURCE FILE Test SSSE3_AVAILABLE failed with the following output:
Change Dir: /mnt/c/Users/USER/Desktop/g2o-master/g2o-master/build/CMakeFiles/CMakeTmp

Run Build Command(s):/usr/bin/gmake -f Makefile cmTC_359f6/fast && /usr/bin/gmake  -f CMakeFiles/cmTC_359f6.dir/build.make CMakeFiles/cmTC_359f6.dir/build
gmake[1]: Entering directory '/mnt/c/Users/USER/Desktop/g2o-master/g2o-master/build/CMakeFiles/CMakeTmp'
Building CXX object CMakeFiles/cmTC_359f6.dir/src.cxx.o
/usr/bin/aarch64-linux-gnu-g++ -DSSSE3_AVAILABLE  -mssse3 -o CMakeFiles/cmTC_359f6.dir/src.cxx.o -c /mnt/c/Users/USER/Desktop/g2o-master/g2o-master/build/CMakeFiles/CMakeTmp/src.cxx
aarch64-linux-gnu-g++: error: unrecognized command-line option '-mssse3'
gmake[1]: *** [CMakeFiles/cmTC_359f6.dir/build.make:78: CMakeFiles/cmTC_359f6.dir/src.cxx.o] Error 1
gmake[1]: Leaving directory '/mnt/c/Users/USER/Desktop/g2o-master/g2o-master/build/CMakeFiles/CMakeTmp'
gmake: *** [Makefile:127: cmTC_359f6/fast] Error 2


Source file was:
int main() { return 0; }
Performing C++ SOURCE FILE Test SSE41_AVAILABLE failed with the following output:
Change Dir: /mnt/c/Users/USER/Desktop/g2o-master/g2o-master/build/CMakeFiles/CMakeTmp

Run Build Command(s):/usr/bin/gmake -f Makefile cmTC_865f3/fast && /usr/bin/gmake  -f CMakeFiles/cmTC_865f3.dir/build.make CMakeFiles/cmTC_865f3.dir/build
gmake[1]: Entering directory '/mnt/c/Users/USER/Desktop/g2o-master/g2o-master/build/CMakeFiles/CMakeTmp'
Building CXX object CMakeFiles/cmTC_865f3.dir/src.cxx.o
/usr/bin/aarch64-linux-gnu-g++ -DSSE41_AVAILABLE  -msse4.1 -o CMakeFiles/cmTC_865f3.dir/src.cxx.o -c /mnt/c/Users/USER/Desktop/g2o-master/g2o-master/build/CMakeFiles/CMakeTmp/src.cxx
aarch64-linux-gnu-g++: error: unrecognized command-line option '-msse4.1'
gmake[1]: *** [CMakeFiles/cmTC_865f3.dir/build.make:78: CMakeFiles/cmTC_865f3.dir/src.cxx.o] Error 1
gmake[1]: Leaving directory '/mnt/c/Users/USER/Desktop/g2o-master/g2o-master/build/CMakeFiles/CMakeTmp'
gmake: *** [Makefile:127: cmTC_865f3/fast] Error 2


Source file was:
int main() { return 0; }
Performing C++ SOURCE FILE Test SSE42_AVAILABLE failed with the following output:
Change Dir: /mnt/c/Users/USER/Desktop/g2o-master/g2o-master/build/CMakeFiles/CMakeTmp

Run Build Command(s):/usr/bin/gmake -f Makefile cmTC_29a02/fast && /usr/bin/gmake  -f CMakeFiles/cmTC_29a02.dir/build.make CMakeFiles/cmTC_29a02.dir/build
gmake[1]: Entering directory '/mnt/c/Users/USER/Desktop/g2o-master/g2o-master/build/CMakeFiles/CMakeTmp'
Building CXX object CMakeFiles/cmTC_29a02.dir/src.cxx.o
/usr/bin/aarch64-linux-gnu-g++ -DSSE42_AVAILABLE  -msse4.2 -o CMakeFiles/cmTC_29a02.dir/src.cxx.o -c /mnt/c/Users/USER/Desktop/g2o-master/g2o-master/build/CMakeFiles/CMakeTmp/src.cxx
aarch64-linux-gnu-g++: error: unrecognized command-line option '-msse4.2'
gmake[1]: *** [CMakeFiles/cmTC_29a02.dir/build.make:78: CMakeFiles/cmTC_29a02.dir/src.cxx.o] Error 1
gmake[1]: Leaving directory '/mnt/c/Users/USER/Desktop/g2o-master/g2o-master/build/CMakeFiles/CMakeTmp'
gmake: *** [Makefile:127: cmTC_29a02/fast] Error 2


Source file was:
int main() { return 0; }
