-- Found ament_cmake: 1.3.9 (/opt/ros/humble/share/ament_cmake/cmake)
-- Found rclcpp: 16.0.9 (/opt/ros/humble/share/rclcpp/cmake)
-- Found rosidl_generator_c: 3.1.5 (/opt/ros/humble/share/rosidl_generator_c/cmake)
-- Found rosidl_adapter: 3.1.5 (/opt/ros/humble/share/rosidl_adapter/cmake)
-- Found rosidl_generator_cpp: 3.1.5 (/opt/ros/humble/share/rosidl_generator_cpp/cmake)
-- Using all available rosidl_typesupport_c: rosidl_typesupport_fastrtps_c;rosidl_typesupport_introspection_c
-- Using all available rosidl_typesupport_cpp: rosidl_typesupport_fastrtps_cpp;rosidl_typesupport_introspection_cpp
-- Found rmw_implementation_cmake: 6.1.2 (/opt/ros/humble/share/rmw_implementation_cmake/cmake)
-- Found rmw_fastrtps_cpp: 6.2.6 (/opt/ros/humble/share/rmw_fastrtps_cpp/cmake)
-- Using RMW implementation 'rmw_fastrtps_cpp' as default
-- Found sensor_msgs: 4.2.4 (/opt/ros/humble/share/sensor_msgs/cmake)
-- Found cv_bridge: 3.2.1 (/opt/ros/humble/share/cv_bridge/cmake)
-- Configuring done
-- Generating done
-- Build files have been written to: /home/subi/ros2_ws/build/mono_phone_ros
[35m[1mConsolidate compiler generated dependencies of target mono_phone_node[0m
[100%] Built target mono_phone_node
-- Install configuration: ""
-- Up-to-date: /home/subi/ros2_ws/install/mono_phone_ros/lib/mono_phone_ros/mono_phone_node
-- Up-to-date: /home/subi/ros2_ws/install/mono_phone_ros/share/ament_index/resource_index/package_run_dependencies/mono_phone_ros
-- Up-to-date: /home/subi/ros2_ws/install/mono_phone_ros/share/ament_index/resource_index/parent_prefix_path/mono_phone_ros
-- Up-to-date: /home/subi/ros2_ws/install/mono_phone_ros/share/mono_phone_ros/environment/ament_prefix_path.sh
-- Installing: /home/subi/ros2_ws/install/mono_phone_ros/share/mono_phone_ros/environment/ament_prefix_path.dsv
-- Up-to-date: /home/subi/ros2_ws/install/mono_phone_ros/share/mono_phone_ros/environment/path.sh
-- Installing: /home/subi/ros2_ws/install/mono_phone_ros/share/mono_phone_ros/environment/path.dsv
-- Up-to-date: /home/subi/ros2_ws/install/mono_phone_ros/share/mono_phone_ros/local_setup.bash
-- Up-to-date: /home/subi/ros2_ws/install/mono_phone_ros/share/mono_phone_ros/local_setup.sh
-- Up-to-date: /home/subi/ros2_ws/install/mono_phone_ros/share/mono_phone_ros/local_setup.zsh
-- Installing: /home/subi/ros2_ws/install/mono_phone_ros/share/mono_phone_ros/local_setup.dsv
-- Installing: /home/subi/ros2_ws/install/mono_phone_ros/share/mono_phone_ros/package.dsv
-- Up-to-date: /home/subi/ros2_ws/install/mono_phone_ros/share/ament_index/resource_index/packages/mono_phone_ros
-- Up-to-date: /home/subi/ros2_ws/install/mono_phone_ros/share/mono_phone_ros/cmake/mono_phone_rosConfig.cmake
-- Up-to-date: /home/subi/ros2_ws/install/mono_phone_ros/share/mono_phone_ros/cmake/mono_phone_rosConfig-version.cmake
-- Up-to-date: /home/subi/ros2_ws/install/mono_phone_ros/share/mono_phone_ros/package.xml
