[0.011s] Invoking command in '/home/subi/ros2_ws/build/mono_phone_ros': /usr/bin/cmake /home/subi/ros2_ws/src/mono_phone_ros -DCATKIN_INSTALL_INTO_PREFIX_ROOT=0 -DCATKIN_SYMLINK_INSTALL=ON -DCMAKE_INSTALL_PREFIX=/home/subi/ros2_ws/install/mono_phone_ros
[0.023s] -- Found ament_cmake: 1.3.9 (/opt/ros/humble/share/ament_cmake/cmake)
[0.177s] -- Found rclcpp: 16.0.9 (/opt/ros/humble/share/rclcpp/cmake)
[0.200s] -- Found rosidl_generator_c: 3.1.5 (/opt/ros/humble/share/rosidl_generator_c/cmake)
[0.202s] -- Found rosidl_adapter: 3.1.5 (/opt/ros/humble/share/rosidl_adapter/cmake)
[0.208s] -- Found rosidl_generator_cpp: 3.1.5 (/opt/ros/humble/share/rosidl_generator_cpp/cmake)
[0.217s] -- Using all available rosidl_typesupport_c: rosidl_typesupport_fastrtps_c;rosidl_typesupport_introspection_c
[0.230s] -- Using all available rosidl_typesupport_cpp: rosidl_typesupport_fastrtps_cpp;rosidl_typesupport_introspection_cpp
[0.280s] -- Found rmw_implementation_cmake: 6.1.2 (/opt/ros/humble/share/rmw_implementation_cmake/cmake)
[0.281s] -- Found rmw_fastrtps_cpp: 6.2.6 (/opt/ros/humble/share/rmw_fastrtps_cpp/cmake)
[0.386s] -- Using RMW implementation 'rmw_fastrtps_cpp' as default
[0.520s] -- Found sensor_msgs: 4.2.4 (/opt/ros/humble/share/sensor_msgs/cmake)
[0.625s] -- Found cv_bridge: 3.2.1 (/opt/ros/humble/share/cv_bridge/cmake)
[0.699s] -- Configuring done
[0.710s] -- Generating done
[0.711s] [33mCMake Warning:
[0.711s]   Manually-specified variables were not used by the project:
[0.711s] 
[0.711s]     CATKIN_SYMLINK_INSTALL
[0.711s] 
[0.711s] [0m
[0.712s] -- Build files have been written to: /home/subi/ros2_ws/build/mono_phone_ros
[0.719s] Invoked command in '/home/subi/ros2_ws/build/mono_phone_ros' returned '0': /usr/bin/cmake /home/subi/ros2_ws/src/mono_phone_ros -DCATKIN_INSTALL_INTO_PREFIX_ROOT=0 -DCATKIN_SYMLINK_INSTALL=ON -DCMAKE_INSTALL_PREFIX=/home/subi/ros2_ws/install/mono_phone_ros
[0.722s] Invoking command in '/home/subi/ros2_ws/build/mono_phone_ros': /usr/bin/cmake --build /home/subi/ros2_ws/build/mono_phone_ros -- -j8 -l8
[0.776s] [35m[1mConsolidate compiler generated dependencies of target mono_phone_node[0m
[0.805s] [100%] Built target mono_phone_node
[0.816s] Invoked command in '/home/subi/ros2_ws/build/mono_phone_ros' returned '0': /usr/bin/cmake --build /home/subi/ros2_ws/build/mono_phone_ros -- -j8 -l8
[0.870s] Invoking command in '/home/subi/ros2_ws/build/mono_phone_ros': /usr/bin/cmake --install /home/subi/ros2_ws/build/mono_phone_ros
[0.876s] -- Install configuration: ""
[0.876s] -- Up-to-date: /home/subi/ros2_ws/install/mono_phone_ros/lib/mono_phone_ros/mono_phone_node
[0.876s] -- Up-to-date: /home/subi/ros2_ws/install/mono_phone_ros/share/ament_index/resource_index/package_run_dependencies/mono_phone_ros
[0.876s] -- Up-to-date: /home/subi/ros2_ws/install/mono_phone_ros/share/ament_index/resource_index/parent_prefix_path/mono_phone_ros
[0.877s] -- Up-to-date: /home/subi/ros2_ws/install/mono_phone_ros/share/mono_phone_ros/environment/ament_prefix_path.sh
[0.877s] -- Installing: /home/subi/ros2_ws/install/mono_phone_ros/share/mono_phone_ros/environment/ament_prefix_path.dsv
[0.877s] -- Up-to-date: /home/subi/ros2_ws/install/mono_phone_ros/share/mono_phone_ros/environment/path.sh
[0.877s] -- Installing: /home/subi/ros2_ws/install/mono_phone_ros/share/mono_phone_ros/environment/path.dsv
[0.877s] -- Up-to-date: /home/subi/ros2_ws/install/mono_phone_ros/share/mono_phone_ros/local_setup.bash
[0.877s] -- Up-to-date: /home/subi/ros2_ws/install/mono_phone_ros/share/mono_phone_ros/local_setup.sh
[0.877s] -- Up-to-date: /home/subi/ros2_ws/install/mono_phone_ros/share/mono_phone_ros/local_setup.zsh
[0.877s] -- Installing: /home/subi/ros2_ws/install/mono_phone_ros/share/mono_phone_ros/local_setup.dsv
[0.877s] -- Installing: /home/subi/ros2_ws/install/mono_phone_ros/share/mono_phone_ros/package.dsv
[0.878s] -- Up-to-date: /home/subi/ros2_ws/install/mono_phone_ros/share/ament_index/resource_index/packages/mono_phone_ros
[0.878s] -- Up-to-date: /home/subi/ros2_ws/install/mono_phone_ros/share/mono_phone_ros/cmake/mono_phone_rosConfig.cmake
[0.878s] -- Up-to-date: /home/subi/ros2_ws/install/mono_phone_ros/share/mono_phone_ros/cmake/mono_phone_rosConfig-version.cmake
[0.878s] -- Up-to-date: /home/subi/ros2_ws/install/mono_phone_ros/share/mono_phone_ros/package.xml
[0.879s] Invoked command in '/home/subi/ros2_ws/build/mono_phone_ros' returned '0': /usr/bin/cmake --install /home/subi/ros2_ws/build/mono_phone_ros
